<?xml version="1.0" encoding="UTF-8"?>
<!-- Generated by org.testng.reporters.JUnitReportReporter -->
<testsuite hostname="PRASHANT" failures="0" tests="1" name="TestPackage.TestClass_LoginPage" time="8.159" errors="0" timestamp="2021-07-12T18:04:59 IST" skipped="0">
  <testcase classname="TestPackage.TestClass_LoginPage" name="test1" time="8.159"/>
  <system-out/>
</testsuite> <!-- TestPackage.TestClass_LoginPage -->
